Using pre-set license
Built from '2021.2/staging' branch; Version is '2021.2.11f1 (e50cafbb4399) revision 15010991'; Using compiler version '192829333'; Build Type 'Release'
OS: 'Windows 11  (10.0.22000) 64bit Core' Language: 'it' Physical Memory: 16219 MB
BatchMode: 1, IsHumanControllingUs: 0, StartBugReporterOnCrash: 0, Is64bit: 1, IsPro: 0

COMMAND LINE ARGUMENTS:
D:\Program Files\Unity\Hub\Editor\2021.2.11f1\Editor\Unity.exe
-adb2
-batchMode
-noUpm
-name
AssetImportWorker2
-projectPath
D:/Fork/CasualGameDicembre22/My project
-logFile
Logs/AssetImportWorker2.log
-srvPort
62005
Successfully changed project path to: D:/Fork/CasualGameDicembre22/My project
D:/Fork/CasualGameDicembre22/My project
[UnityMemory] Configuration Parameters - Can be set up in boot.config
    "memorysetup-bucket-allocator-granularity=16"
    "memorysetup-bucket-allocator-bucket-count=8"
    "memorysetup-bucket-allocator-block-size=33554432"
    "memorysetup-bucket-allocator-block-count=8"
    "memorysetup-main-allocator-block-size=16777216"
    "memorysetup-thread-allocator-block-size=16777216"
    "memorysetup-gfx-main-allocator-block-size=16777216"
    "memorysetup-gfx-thread-allocator-block-size=16777216"
    "memorysetup-cache-allocator-block-size=4194304"
    "memorysetup-typetree-allocator-block-size=2097152"
    "memorysetup-profiler-bucket-allocator-granularity=16"
    "memorysetup-profiler-bucket-allocator-bucket-count=8"
    "memorysetup-profiler-bucket-allocator-block-size=33554432"
    "memorysetup-profiler-bucket-allocator-block-count=8"
    "memorysetup-profiler-allocator-block-size=16777216"
    "memorysetup-profiler-editor-allocator-block-size=1048576"
    "memorysetup-temp-allocator-size-main=16777216"
    "memorysetup-job-temp-allocator-block-size=2097152"
    "memorysetup-job-temp-allocator-block-size-background=1048576"
    "memorysetup-job-temp-allocator-reduction-small-platforms=262144"
    "memorysetup-temp-allocator-size-background-worker=32768"
    "memorysetup-temp-allocator-size-job-worker=262144"
    "memorysetup-temp-allocator-size-preload-manager=33554432"
    "memorysetup-temp-allocator-size-nav-mesh-worker=65536"
    "memorysetup-temp-allocator-size-audio-worker=65536"
    "memorysetup-temp-allocator-size-cloud-worker=32768"
    "memorysetup-temp-allocator-size-gi-baking-worker=262144"
    "memorysetup-temp-allocator-size-gfx=262144"
Refreshing native plugins compatible for Editor in 83.58 ms, found 3 plugins.
Preloading 0 native plugins for Editor in 0.00 ms.
Initialize engine version: 2021.2.11f1 (e50cafbb4399)
[Subsystems] Discovering subsystems at path D:/Program Files/Unity/Hub/Editor/2021.2.11f1/Editor/Data/Resources/UnitySubsystems
[Subsystems] Discovering subsystems at path D:/Fork/CasualGameDicembre22/My project/Assets
GfxDevice: creating device client; threaded=0; jobified=0
Direct3D:
    Version:  Direct3D 11.0 [level 11.1]
    Renderer: NVIDIA GeForce GTX 1650 (ID=0x1f99)
    Vendor:   NVIDIA
    VRAM:     3962 MB
    Driver:   30.0.15.1278
Initialize mono
Mono path[0] = 'D:/Program Files/Unity/Hub/Editor/2021.2.11f1/Editor/Data/Managed'
Mono path[1] = 'D:/Program Files/Unity/Hub/Editor/2021.2.11f1/Editor/Data/MonoBleedingEdge/lib/mono/unityjit-win32'
Mono config path = 'D:/Program Files/Unity/Hub/Editor/2021.2.11f1/Editor/Data/MonoBleedingEdge/etc'
Using monoOptions --debugger-agent=transport=dt_socket,embedding=1,server=y,suspend=n,address=127.0.0.1:56772
Begin MonoManager ReloadAssembly
Registering precompiled unity dll's ...
Register platform support module: D:/Program Files/Unity/Hub/Editor/2021.2.11f1/Editor/Data/PlaybackEngines/WindowsStandaloneSupport/UnityEditor.WindowsStandalone.Extensions.dll
Registered in 0.001963 seconds.
Native extension for WindowsStandalone target not found
Refreshing native plugins compatible for Editor in 77.60 ms, found 3 plugins.
Preloading 0 native plugins for Editor in 0.00 ms.
Mono: successfully reloaded assembly
- Completed reload, in  0.559 seconds
Domain Reload Profiling:
	ReloadAssembly (559ms)
		BeginReloadAssembly (63ms)
			ExecutionOrderSort (0ms)
			DisableScriptedObjects (0ms)
			BackupInstance (0ms)
			ReleaseScriptingObjects (0ms)
			CreateAndSetChildDomain (1ms)
		EndReloadAssembly (433ms)
			LoadAssemblies (62ms)
			RebuildTransferFunctionScriptingTraits (0ms)
			SetupTypeCache (97ms)
			ReleaseScriptCaches (0ms)
			RebuildScriptCaches (26ms)
			SetupLoadedEditorAssemblies (265ms)
				LogAssemblyErrors (0ms)
				InitializePlatformSupportModulesInManaged (13ms)
				SetLoadedEditorAssemblies (0ms)
				RefreshPlugins (78ms)
				BeforeProcessingInitializeOnLoad (1ms)
				ProcessInitializeOnLoadAttributes (132ms)
				ProcessInitializeOnLoadMethodAttributes (41ms)
				AfterProcessingInitializeOnLoad (0ms)
				EditorAssembliesLoaded (0ms)
			ExecutionOrderSort2 (0ms)
			AwakeInstancesAfterBackupRestoration (0ms)
Platform modules already initialized, skipping
Registering precompiled user dll's ...
Registered in 0.004033 seconds.
Begin MonoManager ReloadAssembly
Symbol file LoadedFromMemory doesn't match image D:\Fork\CasualGameDicembre22\My project\Library\PackageCache\com.unity.visualscripting@1.7.6\Editor\VisualScripting.Core\Dependencies\YamlDotNet\Unity.VisualScripting.YamlDotNet.dll
Symbol file LoadedFromMemory doesn't match image D:\Fork\CasualGameDicembre22\My project\Library\PackageCache\com.unity.visualscripting@1.7.6\Editor\VisualScripting.Core\Dependencies\DotNetZip\Unity.VisualScripting.IonicZip.dll
Native extension for WindowsStandalone target not found
Refreshing native plugins compatible for Editor in 0.64 ms, found 3 plugins.
Preloading 0 native plugins for Editor in 0.00 ms.
Mono: successfully reloaded assembly
- Completed reload, in  5.119 seconds
Domain Reload Profiling:
	ReloadAssembly (5120ms)
		BeginReloadAssembly (115ms)
			ExecutionOrderSort (0ms)
			DisableScriptedObjects (6ms)
			BackupInstance (0ms)
			ReleaseScriptingObjects (0ms)
			CreateAndSetChildDomain (18ms)
		EndReloadAssembly (4860ms)
			LoadAssemblies (2270ms)
			RebuildTransferFunctionScriptingTraits (0ms)
			SetupTypeCache (950ms)
			ReleaseScriptCaches (1ms)
			RebuildScriptCaches (54ms)
			SetupLoadedEditorAssemblies (1550ms)
				LogAssemblyErrors (0ms)
				InitializePlatformSupportModulesInManaged (11ms)
				SetLoadedEditorAssemblies (0ms)
				RefreshPlugins (1ms)
				BeforeProcessingInitializeOnLoad (77ms)
				ProcessInitializeOnLoadAttributes (296ms)
				ProcessInitializeOnLoadMethodAttributes (1163ms)
				AfterProcessingInitializeOnLoad (2ms)
				EditorAssembliesLoaded (0ms)
			ExecutionOrderSort2 (0ms)
			AwakeInstancesAfterBackupRestoration (5ms)
Platform modules already initialized, skipping
========================================================================
Worker process is ready to serve import requests
Launched and connected shader compiler UnityShaderCompiler.exe after 0.03 seconds
Refreshing native plugins compatible for Editor in 1.22 ms, found 3 plugins.
Preloading 0 native plugins for Editor in 0.00 ms.
Unloading 3281 Unused Serialized files (Serialized files now loaded: 0)
Unloading 26 unused Assets / (112.1 KB). Loaded Objects now: 3737.
Memory consumption went from 114.3 MB to 114.2 MB.
Total: 3.131100 ms (FindLiveObjects: 0.288700 ms CreateObjectMapping: 0.240200 ms MarkObjects: 2.501200 ms  DeleteObjects: 0.100100 ms)

AssetImportParameters requested are different than current active one (requested -> active):
  custom:video-decoder-ogg-theora: a1e56fd34408186e4bbccfd4996cb3dc -> 
  custom:container-muxer-webm: aa71ff27fc2769a1b78a27578f13a17b -> 
  custom:container-demuxer-webm: 4f35f7cbe854078d1ac9338744f61a02 -> 
  custom:video-encoder-webm-vp8: eb34c28f22e8b96e1ab97ce403110664 -> 
  custom:audio-encoder-webm-vorbis: bf7c407c2cedff20999df2af8eb42d56 -> 
  custom:framework-win-MediaFoundation: 216162199b28c13a410421893ffa2e32 -> 
  custom:container-demuxer-ogg: 62fdf1f143b41e24485cea50d1cbac27 -> 
  custom:video-decoder-webm-vp8: 9c59270c3fd7afecdb556c50c9e8de78 -> 
  custom:audio-decoder-ogg-vorbis: bf7c407c2cedff20999df2af8eb42d56 -> 
========================================================================
Received Import Request.
  Time since last request: 1089344.302351 seconds.
  path: Assets/BizulkaProduction/Stickman/Prefabs
  artifactKey: Guid(311edfe305b089f449e4cb61754857d5) Importer(815301076,1909f56bfc062723c751e8b465ee728b)
Start importing Assets/BizulkaProduction/Stickman/Prefabs using Guid(311edfe305b089f449e4cb61754857d5) Importer(815301076,1909f56bfc062723c751e8b465ee728b)  -> (artifact id: '4ddbbaeb75c69c43f0b22e37f6834897') in 0.009365 seconds 
========================================================================
Received Import Request.
  Time since last request: 0.000020 seconds.
  path: Assets/BizulkaProduction/Stickman
  artifactKey: Guid(52f2b3f526b151f4984206fc31d09ce9) Importer(815301076,1909f56bfc062723c751e8b465ee728b)
Start importing Assets/BizulkaProduction/Stickman using Guid(52f2b3f526b151f4984206fc31d09ce9) Importer(815301076,1909f56bfc062723c751e8b465ee728b)  -> (artifact id: 'be2f630155fdd4504db5682eed6649c1') in 0.004628 seconds 
========================================================================
Received Import Request.
  Time since last request: 0.000016 seconds.
  path: Assets/BizulkaProduction/Stickman/Prefabs/Stand.prefab
  artifactKey: Guid(b4c9b441da5d1c24aacee9fbdd6b7096) Importer(815301076,1909f56bfc062723c751e8b465ee728b)
Start importing Assets/BizulkaProduction/Stickman/Prefabs/Stand.prefab using Guid(b4c9b441da5d1c24aacee9fbdd6b7096) Importer(815301076,1909f56bfc062723c751e8b465ee728b)  -> (artifact id: 'c271fe799cc7f2e1dabb3707f4e2b076') in 0.324185 seconds 
========================================================================
Received Import Request.
  Time since last request: 0.000018 seconds.
  path: Assets/BizulkaProduction/Stickman/Models
  artifactKey: Guid(4c57c20a8d3a45a4ab8f5984af764cf3) Importer(815301076,1909f56bfc062723c751e8b465ee728b)
Start importing Assets/BizulkaProduction/Stickman/Models using Guid(4c57c20a8d3a45a4ab8f5984af764cf3) Importer(815301076,1909f56bfc062723c751e8b465ee728b)  -> (artifact id: 'd3da56ac7e0fa3b2a9e8556928663744') in 0.004587 seconds 
========================================================================
Received Import Request.
  Time since last request: 0.000021 seconds.
  path: Assets/BizulkaProduction/Stickman/Prefabs/Stickman_heads_sphere.prefab
  artifactKey: Guid(6b5d591dbb72ac04a80d42bbb710cb7a) Importer(815301076,1909f56bfc062723c751e8b465ee728b)
Start importing Assets/BizulkaProduction/Stickman/Prefabs/Stickman_heads_sphere.prefab using Guid(6b5d591dbb72ac04a80d42bbb710cb7a) Importer(815301076,1909f56bfc062723c751e8b465ee728b)  -> (artifact id: '8355913d1d042b1c4c1b3571549552bd') in 0.043515 seconds 
========================================================================
Received Import Request.
  Time since last request: 52.306689 seconds.
  path: Assets/BizulkaProduction/Stickman/Materials
  artifactKey: Guid(accae488f23531f4f9e82048b3753339) Importer(815301076,1909f56bfc062723c751e8b465ee728b)
Start importing Assets/BizulkaProduction/Stickman/Materials using Guid(accae488f23531f4f9e82048b3753339) Importer(815301076,1909f56bfc062723c751e8b465ee728b)  -> (artifact id: '7b0c1eaa367d861f3b0f00cf8b8c0a49') in 0.006239 seconds 
========================================================================
Received Import Request.
  Time since last request: 0.072881 seconds.
  path: Assets/BizulkaProduction/Stickman/Materials/Ground.mat
  artifactKey: Guid(5dc9d5ef5fcbced488b19557557a90fc) Importer(815301076,1909f56bfc062723c751e8b465ee728b)
Start importing Assets/BizulkaProduction/Stickman/Materials/Ground.mat using Guid(5dc9d5ef5fcbced488b19557557a90fc) Importer(815301076,1909f56bfc062723c751e8b465ee728b)  -> (artifact id: '341222a2c3dfdfc91d37f1bb1c58c114') in 0.042365 seconds 
========================================================================
Received Import Request.
  Time since last request: 0.000022 seconds.
  path: Assets/BizulkaProduction/Stickman/Materials/Stickman_Yellow.mat
  artifactKey: Guid(6db85fc1002af7e44bf4ab4b4b085a16) Importer(815301076,1909f56bfc062723c751e8b465ee728b)
Start importing Assets/BizulkaProduction/Stickman/Materials/Stickman_Yellow.mat using Guid(6db85fc1002af7e44bf4ab4b4b085a16) Importer(815301076,1909f56bfc062723c751e8b465ee728b)  -> (artifact id: 'b18a79e6575b42eef211f1c53f13b7ce') in 0.013670 seconds 
========================================================================
Received Import Request.
  Time since last request: 0.000020 seconds.
  path: Assets/BizulkaProduction/Stickman/Materials/Stickman_Red.mat
  artifactKey: Guid(26dde8d170bfa354bbcbd9335444d55f) Importer(815301076,1909f56bfc062723c751e8b465ee728b)
Start importing Assets/BizulkaProduction/Stickman/Materials/Stickman_Red.mat using Guid(26dde8d170bfa354bbcbd9335444d55f) Importer(815301076,1909f56bfc062723c751e8b465ee728b)  -> (artifact id: 'ec2533fd4f6339e701496351b16b63ce') in 0.019054 seconds 
========================================================================
Received Import Request.
  Time since last request: 0.000019 seconds.
  path: Assets/BizulkaProduction/Stickman/Materials/Stickman_Green.mat
  artifactKey: Guid(dfeaeb4277f8231449f41fc71bf91003) Importer(815301076,1909f56bfc062723c751e8b465ee728b)
Start importing Assets/BizulkaProduction/Stickman/Materials/Stickman_Green.mat using Guid(dfeaeb4277f8231449f41fc71bf91003) Importer(815301076,1909f56bfc062723c751e8b465ee728b)  -> (artifact id: '5bfceb2f0fad804897f696929040b032') in 0.012265 seconds 
========================================================================
Received Import Request.
  Time since last request: 15.378586 seconds.
  path: Assets/BizulkaProduction/Stickman/Scenes/SampleScene.unity
  artifactKey: Guid(74f90b20f8f4dc64a85ececbc2eb2ab9) Importer(815301076,1909f56bfc062723c751e8b465ee728b)
Start importing Assets/BizulkaProduction/Stickman/Scenes/SampleScene.unity using Guid(74f90b20f8f4dc64a85ececbc2eb2ab9) Importer(815301076,1909f56bfc062723c751e8b465ee728b)  -> (artifact id: 'f14c41667fc62d1126bf59689670a1a9') in 0.017826 seconds 
========================================================================
Received Import Request.
  Time since last request: 85.165383 seconds.
  path: Assets/Scenes/SampleScene.unity
  artifactKey: Guid(9fc0d4010bbf28b4594072e72b8655ab) Importer(815301076,1909f56bfc062723c751e8b465ee728b)
Start importing Assets/Scenes/SampleScene.unity using Guid(9fc0d4010bbf28b4594072e72b8655ab) Importer(815301076,1909f56bfc062723c751e8b465ee728b)  -> (artifact id: 'f6bb10d6bdab9ee8adfd9509d4694bde') in 0.003158 seconds 
========================================================================
Received Prepare
Registering precompiled user dll's ...
Registered in 0.009076 seconds.
Begin MonoManager ReloadAssembly
Symbol file LoadedFromMemory doesn't match image D:\Fork\CasualGameDicembre22\My project\Library\PackageCache\com.unity.visualscripting@1.7.6\Editor\VisualScripting.Core\Dependencies\YamlDotNet\Unity.VisualScripting.YamlDotNet.dll
Symbol file LoadedFromMemory doesn't match image D:\Fork\CasualGameDicembre22\My project\Library\PackageCache\com.unity.visualscripting@1.7.6\Editor\VisualScripting.Core\Dependencies\DotNetZip\Unity.VisualScripting.IonicZip.dll
Symbol file LoadedFromMemory is not a mono symbol file
Symbol file LoadedFromMemory is not a mono symbol file
Symbol file LoadedFromMemory is not a mono symbol file
Symbol file LoadedFromMemory is not a mono symbol file
Symbol file LoadedFromMemory is not a mono symbol file
Symbol file LoadedFromMemory is not a mono symbol file
Symbol file LoadedFromMemory is not a mono symbol file
Symbol file LoadedFromMemory is not a mono symbol file
Symbol file LoadedFromMemory is not a mono symbol file
Symbol file LoadedFromMemory is not a mono symbol file
Symbol file LoadedFromMemory is not a mono symbol file
Native extension for WindowsStandalone target not found
Refreshing native plugins compatible for Editor in 0.82 ms, found 4 plugins.
Preloading 0 native plugins for Editor in 0.00 ms.
Mono: successfully reloaded assembly
- Completed reload, in  1.157 seconds
Domain Reload Profiling:
	ReloadAssembly (1158ms)
		BeginReloadAssembly (141ms)
			ExecutionOrderSort (0ms)
			DisableScriptedObjects (5ms)
			BackupInstance (0ms)
			ReleaseScriptingObjects (0ms)
			CreateAndSetChildDomain (35ms)
		EndReloadAssembly (895ms)
			LoadAssemblies (101ms)
			RebuildTransferFunctionScriptingTraits (0ms)
			SetupTypeCache (383ms)
			ReleaseScriptCaches (1ms)
			RebuildScriptCaches (44ms)
			SetupLoadedEditorAssemblies (332ms)
				LogAssemblyErrors (0ms)
				InitializePlatformSupportModulesInManaged (13ms)
				SetLoadedEditorAssemblies (1ms)
				RefreshPlugins (1ms)
				BeforeProcessingInitializeOnLoad (70ms)
				ProcessInitializeOnLoadAttributes (220ms)
				ProcessInitializeOnLoadMethodAttributes (25ms)
				AfterProcessingInitializeOnLoad (2ms)
				EditorAssembliesLoaded (0ms)
			ExecutionOrderSort2 (0ms)
			AwakeInstancesAfterBackupRestoration (6ms)
Platform modules already initialized, skipping
Refreshing native plugins compatible for Editor in 0.63 ms, found 4 plugins.
Preloading 0 native plugins for Editor in 0.00 ms.
Unloading 3288 Unused Serialized files (Serialized files now loaded: 0)
Unloading 37 unused Assets / (81.8 KB). Loaded Objects now: 3865.
Memory consumption went from 131.5 MB to 131.4 MB.
Total: 3.018400 ms (FindLiveObjects: 0.312600 ms CreateObjectMapping: 0.253200 ms MarkObjects: 2.372400 ms  DeleteObjects: 0.078600 ms)

AssetImportParameters requested are different than current active one (requested -> active):
  custom:video-decoder-ogg-theora: a1e56fd34408186e4bbccfd4996cb3dc -> 
  custom:container-muxer-webm: aa71ff27fc2769a1b78a27578f13a17b -> 
  custom:container-demuxer-webm: 4f35f7cbe854078d1ac9338744f61a02 -> 
  custom:video-encoder-webm-vp8: eb34c28f22e8b96e1ab97ce403110664 -> 
  custom:audio-encoder-webm-vorbis: bf7c407c2cedff20999df2af8eb42d56 -> 
  custom:framework-win-MediaFoundation: 216162199b28c13a410421893ffa2e32 -> 
  custom:container-demuxer-ogg: 62fdf1f143b41e24485cea50d1cbac27 -> 
  custom:video-decoder-webm-vp8: 9c59270c3fd7afecdb556c50c9e8de78 -> 
  custom:audio-decoder-ogg-vorbis: bf7c407c2cedff20999df2af8eb42d56 -> 
========================================================================
Received Import Request.
  Time since last request: 18147.276542 seconds.
  path: Assets/BizulkaProduction/Stickman/Prefabs/Stickman_heads_sphere.prefab
  artifactKey: Guid(6b5d591dbb72ac04a80d42bbb710cb7a) Importer(815301076,1909f56bfc062723c751e8b465ee728b)
Start importing Assets/BizulkaProduction/Stickman/Prefabs/Stickman_heads_sphere.prefab using Guid(6b5d591dbb72ac04a80d42bbb710cb7a) Importer(815301076,1909f56bfc062723c751e8b465ee728b)  -> (artifact id: '1c6e476ea7a5678533f69e02df19edc4') in 0.193875 seconds 
========================================================================
Received Import Request.
  Time since last request: 12.628783 seconds.
  path: Assets/BizulkaProduction/Stickman/Prefabs/Stickman_heads_sphere.prefab
  artifactKey: Guid(6b5d591dbb72ac04a80d42bbb710cb7a) Importer(815301076,1909f56bfc062723c751e8b465ee728b)
Start importing Assets/BizulkaProduction/Stickman/Prefabs/Stickman_heads_sphere.prefab using Guid(6b5d591dbb72ac04a80d42bbb710cb7a) Importer(815301076,1909f56bfc062723c751e8b465ee728b)  -> (artifact id: 'a15a513708e29466899b629ad8c68b82') in 0.012822 seconds 
========================================================================
Received Import Request.
  Time since last request: 5.786324 seconds.
  path: Assets/BizulkaProduction/Stickman/Prefabs/Stickman_heads_sphere.prefab
  artifactKey: Guid(6b5d591dbb72ac04a80d42bbb710cb7a) Importer(815301076,1909f56bfc062723c751e8b465ee728b)
Start importing Assets/BizulkaProduction/Stickman/Prefabs/Stickman_heads_sphere.prefab using Guid(6b5d591dbb72ac04a80d42bbb710cb7a) Importer(815301076,1909f56bfc062723c751e8b465ee728b)  -> (artifact id: '4096c7dd5b05f57b20c54963dc28c8b3') in 0.012738 seconds 
========================================================================
Received Import Request.
  Time since last request: 42.312975 seconds.
  path: Assets/BizulkaProduction/Stickman/Prefabs/Stickman_heads_sphere.prefab
  artifactKey: Guid(6b5d591dbb72ac04a80d42bbb710cb7a) Importer(815301076,1909f56bfc062723c751e8b465ee728b)
Start importing Assets/BizulkaProduction/Stickman/Prefabs/Stickman_heads_sphere.prefab using Guid(6b5d591dbb72ac04a80d42bbb710cb7a) Importer(815301076,1909f56bfc062723c751e8b465ee728b)  -> (artifact id: 'a5499f2caf6abfc5d1ec63c142dc753f') in 0.011998 seconds 
========================================================================
Received Import Request.
  Time since last request: 4.046679 seconds.
  path: Assets/BizulkaProduction/Stickman/Prefabs/Stickman_heads_sphere.prefab
  artifactKey: Guid(6b5d591dbb72ac04a80d42bbb710cb7a) Importer(815301076,1909f56bfc062723c751e8b465ee728b)
Start importing Assets/BizulkaProduction/Stickman/Prefabs/Stickman_heads_sphere.prefab using Guid(6b5d591dbb72ac04a80d42bbb710cb7a) Importer(815301076,1909f56bfc062723c751e8b465ee728b)  -> (artifact id: 'c18ed9c17a74c660a0506f5ef4c22512') in 0.010217 seconds 
========================================================================
Received Import Request.
  Time since last request: 6.954652 seconds.
  path: Assets/BizulkaProduction/Stickman/Prefabs/Stickman_heads_sphere.prefab
  artifactKey: Guid(6b5d591dbb72ac04a80d42bbb710cb7a) Importer(815301076,1909f56bfc062723c751e8b465ee728b)
Start importing Assets/BizulkaProduction/Stickman/Prefabs/Stickman_heads_sphere.prefab using Guid(6b5d591dbb72ac04a80d42bbb710cb7a) Importer(815301076,1909f56bfc062723c751e8b465ee728b)  -> (artifact id: '0aa1a58fc0dfd3838b05efa3974c1163') in 0.010282 seconds 
========================================================================
Received Import Request.
  Time since last request: 3.203077 seconds.
  path: Assets/BizulkaProduction/Stickman/Prefabs/Stickman_heads_sphere.prefab
  artifactKey: Guid(6b5d591dbb72ac04a80d42bbb710cb7a) Importer(815301076,1909f56bfc062723c751e8b465ee728b)
Start importing Assets/BizulkaProduction/Stickman/Prefabs/Stickman_heads_sphere.prefab using Guid(6b5d591dbb72ac04a80d42bbb710cb7a) Importer(815301076,1909f56bfc062723c751e8b465ee728b)  -> (artifact id: 'd28bd37cd7aa7c8b748bbcd9b77d564d') in 0.012038 seconds 
========================================================================
Received Import Request.
  Time since last request: 1.805610 seconds.
  path: Assets/BizulkaProduction/Stickman/Prefabs/Stickman_heads_sphere.prefab
  artifactKey: Guid(6b5d591dbb72ac04a80d42bbb710cb7a) Importer(815301076,1909f56bfc062723c751e8b465ee728b)
Start importing Assets/BizulkaProduction/Stickman/Prefabs/Stickman_heads_sphere.prefab using Guid(6b5d591dbb72ac04a80d42bbb710cb7a) Importer(815301076,1909f56bfc062723c751e8b465ee728b)  -> (artifact id: '2651de0d7ec37ba28f98e436d0c75f64') in 0.015802 seconds 
========================================================================
Received Import Request.
  Time since last request: 123.676897 seconds.
  path: Assets/BizulkaProduction/Stickman/Prefabs/Stickman_heads_sphere.prefab
  artifactKey: Guid(6b5d591dbb72ac04a80d42bbb710cb7a) Importer(815301076,1909f56bfc062723c751e8b465ee728b)
Start importing Assets/BizulkaProduction/Stickman/Prefabs/Stickman_heads_sphere.prefab using Guid(6b5d591dbb72ac04a80d42bbb710cb7a) Importer(815301076,1909f56bfc062723c751e8b465ee728b)  -> (artifact id: 'caea32af737ddcca50be29a37ef51155') in 0.011379 seconds 
